<?xml version="1.0" encoding="UTF-8"?>
<TestRun id="d9de6f39-8980-4982-abf4-7123c903b5c2" name="Kent.Aguilar@NGSR8BR83M 2012-07-03 14:58:04" runUser="NGS\Kent.Aguilar" xmlns="http://microsoft.com/schemas/VisualStudio/TeamTest/2010">
  <TestSettings name="Local" id="a294cad5-e10d-4bc8-adf4-701eb92826ad">
    <Description>These are default test settings for a local test run.</Description>
    <Deployment enabled="false" runDeploymentRoot="Kent.Aguilar_NGSR8BR83M 2012-07-03 14_58_04">
      <DeploymentItem filename="R:\IDikit\IDikit\IDikit.Core\bin\Debug\IDikit.Core.dll" />
      <DeploymentItem filename="R:\IDikit\IDikit\packages\EntityFramework.4.3.1\lib\net40\EntityFramework.dll" />
    </Deployment>
    <Execution>
      <TestTypeSpecific />
      <AgentRule name="Execution Agents">
      </AgentRule>
    </Execution>
  </TestSettings>
  <Times creation="2012-07-03T14:58:04.8640230+08:00" queuing="2012-07-03T14:58:04.8940230+08:00" start="2012-07-03T14:58:04.8980230+08:00" finish="2012-07-03T14:58:09.7360230+08:00" />
  <ResultSummary outcome="Aborted">
    <Counters total="5" executed="1" error="0" failed="0" timeout="0" aborted="1" inconclusive="0" passedButRunAborted="0" notRunnable="0" notExecuted="4" disconnected="0" warning="0" passed="0" completed="0" inProgress="0" pending="0" />
  </ResultSummary>
  <TestDefinitions>
    <UnitTest name="CanGetMemberList" storage="r:\idikit\idikit\idikit.tests\bin\debug\idikit.tests.dll" id="2bfd2fd8-9821-7fd7-1224-20d413ae0121">
      <Execution id="2b5c1267-1d03-41fc-aeee-cb6d25a59c2b" />
      <TestMethod codeBase="R:/IDikit/IDikit/IDikit.Tests/bin/Debug/IDikit.Tests.DLL" adapterTypeName="Microsoft.VisualStudio.TestTools.TestTypes.Unit.UnitTestAdapter, Microsoft.VisualStudio.QualityTools.Tips.UnitTest.Adapter, Version=10.0.0.0, Culture=neutral, PublicKeyToken=b03f5f7f11d50a3a" className="IDikit.Tests.Model.MemberTest, IDikit.Tests, Version=1.0.0.0, Culture=neutral, PublicKeyToken=null" name="CanGetMemberList" />
    </UnitTest>
    <UnitTest name="CanSaveBookmark" storage="r:\idikit\idikit\idikit.tests\bin\debug\idikit.tests.dll" id="1e831fec-f183-4581-b6ba-22801b9b1abe">
      <Execution id="48a6afff-23d1-405a-96ae-05bb44dd94dd" />
      <TestMethod codeBase="R:/IDikit/IDikit/IDikit.Tests/bin/Debug/IDikit.Tests.DLL" adapterTypeName="Microsoft.VisualStudio.TestTools.TestTypes.Unit.UnitTestAdapter, Microsoft.VisualStudio.QualityTools.Tips.UnitTest.Adapter, Version=10.0.0.0, Culture=neutral, PublicKeyToken=b03f5f7f11d50a3a" className="IDikit.Tests.Model.BookmarkTest, IDikit.Tests, Version=1.0.0.0, Culture=neutral, PublicKeyToken=null" name="CanSaveBookmark" />
    </UnitTest>
    <UnitTest name="TestMethod1" storage="r:\idikit\idikit\idikit.tests\bin\debug\idikit.tests.dll" id="c8816fcb-f4d0-7140-04d8-007cf634a93a">
      <Execution id="5a068b20-1f33-4d35-8d6d-e0e2e79d6247" />
      <TestMethod codeBase="R:/IDikit/IDikit/IDikit.Tests/bin/Debug/IDikit.Tests.DLL" adapterTypeName="Microsoft.VisualStudio.TestTools.TestTypes.Unit.UnitTestAdapter, Microsoft.VisualStudio.QualityTools.Tips.UnitTest.Adapter, Version=10.0.0.0, Culture=neutral, PublicKeyToken=b03f5f7f11d50a3a" className="IDikit.Tests.Services.WebRequestTest, IDikit.Tests, Version=1.0.0.0, Culture=neutral, PublicKeyToken=null" name="TestMethod1" />
    </UnitTest>
    <UnitTest name="CanGetBookmarkList" storage="r:\idikit\idikit\idikit.tests\bin\debug\idikit.tests.dll" id="d3ece964-07d8-de18-1205-64d0b3c9744e">
      <Execution id="8f6a5e27-6072-4679-ab65-ee829e65755d" />
      <TestMethod codeBase="R:/IDikit/IDikit/IDikit.Tests/bin/Debug/IDikit.Tests.DLL" adapterTypeName="Microsoft.VisualStudio.TestTools.TestTypes.Unit.UnitTestAdapter, Microsoft.VisualStudio.QualityTools.Tips.UnitTest.Adapter, Version=10.0.0.0, Culture=neutral, PublicKeyToken=b03f5f7f11d50a3a" className="IDikit.Tests.Model.BookmarkTest, IDikit.Tests, Version=1.0.0.0, Culture=neutral, PublicKeyToken=null" name="CanGetBookmarkList" />
    </UnitTest>
    <UnitTest name="CanSaveMember" storage="r:\idikit\idikit\idikit.tests\bin\debug\idikit.tests.dll" id="39dfb9dc-2da8-43ab-db4c-e4cf7b2a33d6">
      <Execution id="67c02c84-3d8b-44cd-9b2a-191d3f21b3e7" />
      <TestMethod codeBase="R:/IDikit/IDikit/IDikit.Tests/bin/Debug/IDikit.Tests.DLL" adapterTypeName="Microsoft.VisualStudio.TestTools.TestTypes.Unit.UnitTestAdapter, Microsoft.VisualStudio.QualityTools.Tips.UnitTest.Adapter, Version=10.0.0.0, Culture=neutral, PublicKeyToken=b03f5f7f11d50a3a" className="IDikit.Tests.Model.MemberTest, IDikit.Tests, Version=1.0.0.0, Culture=neutral, PublicKeyToken=null" name="CanSaveMember" />
    </UnitTest>
  </TestDefinitions>
  <TestLists>
    <TestList name="Results Not in a List" id="8c84fa94-04c1-424b-9868-57a2d4851a1d" />
    <TestList name="All Loaded Results" id="19431567-8539-422a-85d7-44ee4e166bda" />
  </TestLists>
  <TestEntries>
    <TestEntry testId="1e831fec-f183-4581-b6ba-22801b9b1abe" executionId="48a6afff-23d1-405a-96ae-05bb44dd94dd" testListId="8c84fa94-04c1-424b-9868-57a2d4851a1d" />
    <TestEntry testId="2bfd2fd8-9821-7fd7-1224-20d413ae0121" executionId="2b5c1267-1d03-41fc-aeee-cb6d25a59c2b" testListId="8c84fa94-04c1-424b-9868-57a2d4851a1d" />
    <TestEntry testId="39dfb9dc-2da8-43ab-db4c-e4cf7b2a33d6" executionId="67c02c84-3d8b-44cd-9b2a-191d3f21b3e7" testListId="8c84fa94-04c1-424b-9868-57a2d4851a1d" />
    <TestEntry testId="c8816fcb-f4d0-7140-04d8-007cf634a93a" executionId="5a068b20-1f33-4d35-8d6d-e0e2e79d6247" testListId="8c84fa94-04c1-424b-9868-57a2d4851a1d" />
    <TestEntry testId="d3ece964-07d8-de18-1205-64d0b3c9744e" executionId="8f6a5e27-6072-4679-ab65-ee829e65755d" testListId="8c84fa94-04c1-424b-9868-57a2d4851a1d" />
  </TestEntries>
  <Results>
    <UnitTestResult executionId="48a6afff-23d1-405a-96ae-05bb44dd94dd" testId="1e831fec-f183-4581-b6ba-22801b9b1abe" testName="CanSaveBookmark" computerName="NGSR8BR83M" duration="00:00:03.6870000" startTime="2012-07-03T14:58:04.9000230+08:00" endTime="2012-07-03T14:58:08.5870230+08:00" testType="13cdc9d9-ddb5-4fa4-a97d-d965ccfc6d4b" outcome="Aborted" testListId="8c84fa94-04c1-424b-9868-57a2d4851a1d" relativeResultsDirectory="48a6afff-23d1-405a-96ae-05bb44dd94dd">
      <Output>
        <ErrorInfo>
          <Message>User aborted test run.</Message>
        </ErrorInfo>
      </Output>
    </UnitTestResult>
    <UnitTestResult executionId="2b5c1267-1d03-41fc-aeee-cb6d25a59c2b" testId="2bfd2fd8-9821-7fd7-1224-20d413ae0121" testName="CanGetMemberList" computerName="NGSR8BR83M" testType="13cdc9d9-ddb5-4fa4-a97d-d965ccfc6d4b" outcome="NotExecuted" testListId="8c84fa94-04c1-424b-9868-57a2d4851a1d" relativeResultsDirectory="2b5c1267-1d03-41fc-aeee-cb6d25a59c2b">
    </UnitTestResult>
    <UnitTestResult executionId="67c02c84-3d8b-44cd-9b2a-191d3f21b3e7" testId="39dfb9dc-2da8-43ab-db4c-e4cf7b2a33d6" testName="CanSaveMember" computerName="NGSR8BR83M" testType="13cdc9d9-ddb5-4fa4-a97d-d965ccfc6d4b" outcome="NotExecuted" testListId="8c84fa94-04c1-424b-9868-57a2d4851a1d" relativeResultsDirectory="67c02c84-3d8b-44cd-9b2a-191d3f21b3e7">
    </UnitTestResult>
    <UnitTestResult executionId="5a068b20-1f33-4d35-8d6d-e0e2e79d6247" testId="c8816fcb-f4d0-7140-04d8-007cf634a93a" testName="TestMethod1" computerName="NGSR8BR83M" testType="13cdc9d9-ddb5-4fa4-a97d-d965ccfc6d4b" outcome="NotExecuted" testListId="8c84fa94-04c1-424b-9868-57a2d4851a1d" relativeResultsDirectory="5a068b20-1f33-4d35-8d6d-e0e2e79d6247">
    </UnitTestResult>
    <UnitTestResult executionId="8f6a5e27-6072-4679-ab65-ee829e65755d" testId="d3ece964-07d8-de18-1205-64d0b3c9744e" testName="CanGetBookmarkList" computerName="NGSR8BR83M" testType="13cdc9d9-ddb5-4fa4-a97d-d965ccfc6d4b" outcome="NotExecuted" testListId="8c84fa94-04c1-424b-9868-57a2d4851a1d" relativeResultsDirectory="8f6a5e27-6072-4679-ab65-ee829e65755d">
    </UnitTestResult>
  </Results>
</TestRun>