<?xml version="1.0" encoding="UTF-8"?>
<TestRun id="7c72c32e-a513-492d-881d-434f3ced2e61" name="Kent.Aguilar@NGSR8BR83M 2012-07-03 15:00:42" runUser="NGS\Kent.Aguilar" xmlns="http://microsoft.com/schemas/VisualStudio/TeamTest/2010">
  <TestSettings name="Local" id="a294cad5-e10d-4bc8-adf4-701eb92826ad">
    <Description>These are default test settings for a local test run.</Description>
    <Deployment enabled="false" runDeploymentRoot="Kent.Aguilar_NGSR8BR83M 2012-07-03 15_00_42">
      <DeploymentItem filename="R:\IDikit\IDikit\IDikit.Core\bin\Debug\IDikit.Core.dll" />
      <DeploymentItem filename="R:\IDikit\IDikit\packages\EntityFramework.4.3.1\lib\net40\EntityFramework.dll" />
    </Deployment>
    <Execution>
      <TestTypeSpecific />
      <AgentRule name="Execution Agents">
      </AgentRule>
    </Execution>
  </TestSettings>
  <Times creation="2012-07-03T15:00:42.9280230+08:00" queuing="2012-07-03T15:00:42.9540230+08:00" start="2012-07-03T15:00:42.9740230+08:00" finish="2012-07-03T15:01:11.7840230+08:00" />
  <ResultSummary outcome="Failed">
    <Counters total="1" executed="1" error="0" failed="1" timeout="0" aborted="0" inconclusive="0" passedButRunAborted="0" notRunnable="0" notExecuted="0" disconnected="0" warning="0" passed="0" completed="0" inProgress="0" pending="0" />
  </ResultSummary>
  <TestDefinitions>
    <UnitTest name="CanGetPageTitle" storage="r:\idikit\idikit\idikit.tests\bin\debug\idikit.tests.dll" id="be9853dd-ff48-99a7-ac0f-d16a85d2ff3f">
      <Execution id="e527af0c-8057-4e41-9cc0-93465e8b5012" />
      <TestMethod codeBase="R:/IDikit/IDikit/IDikit.Tests/bin/Debug/IDikit.Tests.DLL" adapterTypeName="Microsoft.VisualStudio.TestTools.TestTypes.Unit.UnitTestAdapter, Microsoft.VisualStudio.QualityTools.Tips.UnitTest.Adapter, Version=10.0.0.0, Culture=neutral, PublicKeyToken=b03f5f7f11d50a3a" className="IDikit.Tests.Services.WebRequestTest, IDikit.Tests, Version=1.0.0.0, Culture=neutral, PublicKeyToken=null" name="CanGetPageTitle" />
    </UnitTest>
  </TestDefinitions>
  <TestLists>
    <TestList name="Results Not in a List" id="8c84fa94-04c1-424b-9868-57a2d4851a1d" />
    <TestList name="All Loaded Results" id="19431567-8539-422a-85d7-44ee4e166bda" />
  </TestLists>
  <TestEntries>
    <TestEntry testId="be9853dd-ff48-99a7-ac0f-d16a85d2ff3f" executionId="e527af0c-8057-4e41-9cc0-93465e8b5012" testListId="8c84fa94-04c1-424b-9868-57a2d4851a1d" />
  </TestEntries>
  <Results>
    <UnitTestResult executionId="e527af0c-8057-4e41-9cc0-93465e8b5012" testId="be9853dd-ff48-99a7-ac0f-d16a85d2ff3f" testName="CanGetPageTitle" computerName="NGSR8BR83M" duration="00:00:28.6439943" startTime="2012-07-03T15:00:42.9750230+08:00" endTime="2012-07-03T15:01:11.7620230+08:00" testType="13cdc9d9-ddb5-4fa4-a97d-d965ccfc6d4b" outcome="Failed" testListId="8c84fa94-04c1-424b-9868-57a2d4851a1d" relativeResultsDirectory="e527af0c-8057-4e41-9cc0-93465e8b5012">
      <Output>
        <ErrorInfo>
          <Message>Test method IDikit.Tests.Services.WebRequestTest.CanGetPageTitle threw exception: 
System.Net.WebException: Too many automatic redirections were attempted.</Message>
          <StackTrace>    at System.Net.WebClient.DownloadDataInternal(Uri address, WebRequest&amp; request)
   at System.Net.WebClient.DownloadString(Uri address)
   at System.Net.WebClient.DownloadString(String address)
   at IDikit.Core.Services.WebRequest.GetTitle(String url) in R:\IDikit\IDikit\IDikit.Core\Services\WebRequest\WebRequest.cs:line 15
   at IDikit.Tests.Services.WebRequestTest.CanGetPageTitle() in R:\IDikit\IDikit\IDikit.Tests\Services\WebRequestTest.cs:line 17
</StackTrace>
        </ErrorInfo>
      </Output>
    </UnitTestResult>
  </Results>
</TestRun>