<?xml version="1.0" encoding="UTF-8"?>
<TestRun id="de8723e6-c620-466a-b7c7-34c296533503" name="Kent.Aguilar@NGSR8BR83M 2012-07-03 14:58:28" runUser="NGS\Kent.Aguilar" xmlns="http://microsoft.com/schemas/VisualStudio/TeamTest/2010">
  <TestSettings name="Local" id="a294cad5-e10d-4bc8-adf4-701eb92826ad">
    <Description>These are default test settings for a local test run.</Description>
    <Deployment enabled="false" runDeploymentRoot="Kent.Aguilar_NGSR8BR83M 2012-07-03 14_58_28">
      <DeploymentItem filename="R:\IDikit\IDikit\IDikit.Core\bin\Debug\IDikit.Core.dll" />
      <DeploymentItem filename="R:\IDikit\IDikit\packages\EntityFramework.4.3.1\lib\net40\EntityFramework.dll" />
    </Deployment>
    <Execution>
      <TestTypeSpecific />
      <AgentRule name="Execution Agents">
      </AgentRule>
    </Execution>
  </TestSettings>
  <Times creation="2012-07-03T14:58:28.2860230+08:00" queuing="2012-07-03T14:58:28.3190230+08:00" start="2012-07-03T14:58:28.3240230+08:00" finish="2012-07-03T14:58:33.1450230+08:00" />
  <ResultSummary outcome="Inconclusive">
    <Counters total="1" executed="1" error="0" failed="0" timeout="0" aborted="0" inconclusive="1" passedButRunAborted="0" notRunnable="0" notExecuted="0" disconnected="0" warning="0" passed="0" completed="0" inProgress="0" pending="0" />
  </ResultSummary>
  <TestDefinitions>
    <UnitTest name="CanSaveBookmark" storage="r:\idikit\idikit\idikit.tests\bin\debug\idikit.tests.dll" id="1e831fec-f183-4581-b6ba-22801b9b1abe">
      <Execution id="d00b5055-2b86-4cb8-8269-53c754d5876a" />
      <TestMethod codeBase="R:/IDikit/IDikit/IDikit.Tests/bin/Debug/IDikit.Tests.DLL" adapterTypeName="Microsoft.VisualStudio.TestTools.TestTypes.Unit.UnitTestAdapter, Microsoft.VisualStudio.QualityTools.Tips.UnitTest.Adapter, Version=10.0.0.0, Culture=neutral, PublicKeyToken=b03f5f7f11d50a3a" className="IDikit.Tests.Model.BookmarkTest, IDikit.Tests, Version=1.0.0.0, Culture=neutral, PublicKeyToken=null" name="CanSaveBookmark" />
    </UnitTest>
  </TestDefinitions>
  <TestLists>
    <TestList name="Results Not in a List" id="8c84fa94-04c1-424b-9868-57a2d4851a1d" />
    <TestList name="All Loaded Results" id="19431567-8539-422a-85d7-44ee4e166bda" />
  </TestLists>
  <TestEntries>
    <TestEntry testId="1e831fec-f183-4581-b6ba-22801b9b1abe" executionId="d00b5055-2b86-4cb8-8269-53c754d5876a" testListId="8c84fa94-04c1-424b-9868-57a2d4851a1d" />
  </TestEntries>
  <Results>
    <UnitTestResult executionId="d00b5055-2b86-4cb8-8269-53c754d5876a" testId="1e831fec-f183-4581-b6ba-22801b9b1abe" testName="CanSaveBookmark" computerName="NGSR8BR83M" duration="00:00:04.6635493" startTime="2012-07-03T14:58:28.3260230+08:00" endTime="2012-07-03T14:58:33.1340230+08:00" testType="13cdc9d9-ddb5-4fa4-a97d-d965ccfc6d4b" outcome="Inconclusive" testListId="8c84fa94-04c1-424b-9868-57a2d4851a1d" relativeResultsDirectory="d00b5055-2b86-4cb8-8269-53c754d5876a">
      <Output>
        <ErrorInfo>
          <Message>Assert.Inconclusive failed. Saved</Message>
          <StackTrace>   at IDikit.Tests.Model.BookmarkTest.CanSaveBookmark() in R:\IDikit\IDikit\IDikit.Tests\Model\BookmarkTest.cs:line 32
</StackTrace>
        </ErrorInfo>
      </Output>
    </UnitTestResult>
  </Results>
</TestRun>