<?xml version="1.0" encoding="UTF-8"?>
<TestRun id="026cb0a5-e586-48a9-99da-0a2f50b58d0e" name="Kent.Aguilar@NGSR8BR83M 2012-07-03 14:53:12" runUser="NGS\Kent.Aguilar" xmlns="http://microsoft.com/schemas/VisualStudio/TeamTest/2010">
  <TestSettings name="Local" id="a294cad5-e10d-4bc8-adf4-701eb92826ad">
    <Description>These are default test settings for a local test run.</Description>
    <Deployment enabled="false" runDeploymentRoot="Kent.Aguilar_NGSR8BR83M 2012-07-03 14_53_12">
      <DeploymentItem filename="R:\IDikit\IDikit\IDikit.Core\bin\Debug\IDikit.Core.dll" />
      <DeploymentItem filename="R:\IDikit\IDikit\packages\EntityFramework.4.3.1\lib\net40\EntityFramework.dll" />
    </Deployment>
    <Execution>
      <TestTypeSpecific />
      <AgentRule name="Execution Agents">
      </AgentRule>
    </Execution>
  </TestSettings>
  <Times creation="2012-07-03T14:53:12.9990230+08:00" queuing="2012-07-03T14:53:13.0340230+08:00" start="2012-07-03T14:53:13.0380230+08:00" finish="2012-07-03T14:53:18.1100230+08:00" />
  <ResultSummary outcome="Failed">
    <Counters total="1" executed="1" error="0" failed="1" timeout="0" aborted="0" inconclusive="0" passedButRunAborted="0" notRunnable="0" notExecuted="0" disconnected="0" warning="0" passed="0" completed="0" inProgress="0" pending="0" />
  </ResultSummary>
  <TestDefinitions>
    <UnitTest name="CanSaveBookmark" storage="r:\idikit\idikit\idikit.tests\bin\debug\idikit.tests.dll" id="1e831fec-f183-4581-b6ba-22801b9b1abe">
      <Execution id="7b4c6ba6-23a7-4e87-9698-7e2b67cf5250" />
      <TestMethod codeBase="R:/IDikit/IDikit/IDikit.Tests/bin/Debug/IDikit.Tests.DLL" adapterTypeName="Microsoft.VisualStudio.TestTools.TestTypes.Unit.UnitTestAdapter, Microsoft.VisualStudio.QualityTools.Tips.UnitTest.Adapter, Version=10.0.0.0, Culture=neutral, PublicKeyToken=b03f5f7f11d50a3a" className="IDikit.Tests.Model.BookmarkTest, IDikit.Tests, Version=1.0.0.0, Culture=neutral, PublicKeyToken=null" name="CanSaveBookmark" />
    </UnitTest>
  </TestDefinitions>
  <TestLists>
    <TestList name="Results Not in a List" id="8c84fa94-04c1-424b-9868-57a2d4851a1d" />
    <TestList name="All Loaded Results" id="19431567-8539-422a-85d7-44ee4e166bda" />
  </TestLists>
  <TestEntries>
    <TestEntry testId="1e831fec-f183-4581-b6ba-22801b9b1abe" executionId="7b4c6ba6-23a7-4e87-9698-7e2b67cf5250" testListId="8c84fa94-04c1-424b-9868-57a2d4851a1d" />
  </TestEntries>
  <Results>
    <UnitTestResult executionId="7b4c6ba6-23a7-4e87-9698-7e2b67cf5250" testId="1e831fec-f183-4581-b6ba-22801b9b1abe" testName="CanSaveBookmark" computerName="NGSR8BR83M" duration="00:00:04.9158881" startTime="2012-07-03T14:53:13.0390230+08:00" endTime="2012-07-03T14:53:18.0980230+08:00" testType="13cdc9d9-ddb5-4fa4-a97d-d965ccfc6d4b" outcome="Failed" testListId="8c84fa94-04c1-424b-9868-57a2d4851a1d" relativeResultsDirectory="7b4c6ba6-23a7-4e87-9698-7e2b67cf5250">
      <Output>
        <ErrorInfo>
          <Message>Test method IDikit.Tests.Model.BookmarkTest.CanSaveBookmark threw exception: 
System.Data.Entity.Infrastructure.DbUpdateException: An error occurred while updating the entries. See the inner exception for details. ---&gt; System.Data.UpdateException: An error occurred while updating the entries. See the inner exception for details. ---&gt; System.Data.SqlClient.SqlException: Cannot insert explicit value for identity column in table 'Bookmark' when IDENTITY_INSERT is set to OFF.</Message>
          <StackTrace>    at System.Data.SqlClient.SqlConnection.OnError(SqlException exception, Boolean breakConnection, Action`1 wrapCloseInAction)
   at System.Data.SqlClient.SqlInternalConnection.OnError(SqlException exception, Boolean breakConnection, Action`1 wrapCloseInAction)
   at System.Data.SqlClient.TdsParser.ThrowExceptionAndWarning(TdsParserStateObject stateObj, Boolean callerHasConnectionLock, Boolean asyncClose)
   at System.Data.SqlClient.TdsParser.TryRun(RunBehavior runBehavior, SqlCommand cmdHandler, SqlDataReader dataStream, BulkCopySimpleResultSet bulkCopyHandler, TdsParserStateObject stateObj, Boolean&amp; dataReady)
   at System.Data.SqlClient.SqlCommand.FinishExecuteReader(SqlDataReader ds, RunBehavior runBehavior, String resetOptionsString)
   at System.Data.SqlClient.SqlCommand.RunExecuteReaderTds(CommandBehavior cmdBehavior, RunBehavior runBehavior, Boolean returnStream, Boolean async, Int32 timeout, Task&amp; task, Boolean asyncWrite)
   at System.Data.SqlClient.SqlCommand.RunExecuteReader(CommandBehavior cmdBehavior, RunBehavior runBehavior, Boolean returnStream, String method, TaskCompletionSource`1 completion, Int32 timeout, Task&amp; task, Boolean asyncWrite)
   at System.Data.SqlClient.SqlCommand.InternalExecuteNonQuery(TaskCompletionSource`1 completion, String methodName, Boolean sendToPipe, Int32 timeout, Boolean asyncWrite)
   at System.Data.SqlClient.SqlCommand.ExecuteNonQuery()
   at System.Data.Mapping.Update.Internal.DynamicUpdateCommand.Execute(UpdateTranslator translator, EntityConnection connection, Dictionary`2 identifierValues, List`1 generatedValues)
   at System.Data.Mapping.Update.Internal.UpdateTranslator.Update(IEntityStateManager stateManager, IEntityAdapter adapter)
 --- End of inner exception stack trace ---
    at System.Data.Mapping.Update.Internal.UpdateTranslator.Update(IEntityStateManager stateManager, IEntityAdapter adapter)
   at System.Data.EntityClient.EntityAdapter.Update(IEntityStateManager entityCache)
   at System.Data.Objects.ObjectContext.SaveChanges(SaveOptions options)
   at System.Data.Entity.Internal.InternalContext.SaveChanges()
 --- End of inner exception stack trace ---
    at System.Data.Entity.Internal.InternalContext.SaveChanges()
   at System.Data.Entity.Internal.LazyInternalContext.SaveChanges()
   at System.Data.Entity.DbContext.SaveChanges()
   at IDikit.Core.Model.Bookmark.Save(Bookmark bookmark) in R:\IDikit\IDikit\IDikit.Core\Model\Bookmark.cs:line 34
   at IDikit.Tests.Model.BookmarkTest.CanSaveBookmark() in R:\IDikit\IDikit\IDikit.Tests\Model\BookmarkTest.cs:line 23
</StackTrace>
        </ErrorInfo>
      </Output>
    </UnitTestResult>
  </Results>
</TestRun>